Analysis & Synthesis report for part2
Mon Feb 11 12:13:07 2019
Quartus Prime Version 16.1.0 Build 196 10/24/2016 SJ Lite Edition


---------------------
; Table of Contents ;
---------------------
  1. Legal Notice
  2. Analysis & Synthesis Summary
  3. Analysis & Synthesis Settings
  4. Parallel Compilation
  5. Analysis & Synthesis Source Files Read
  6. Analysis & Synthesis Resource Usage Summary
  7. Analysis & Synthesis Resource Utilization by Entity
  8. General Register Statistics
  9. Post-Synthesis Netlist Statistics for Top Partition
 10. Elapsed Time Per Partition
 11. Analysis & Synthesis Messages



----------------
; Legal Notice ;
----------------
Copyright (C) 2016  Intel Corporation. All rights reserved.
Your use of Intel Corporation's design tools, logic functions 
and other software and tools, and its AMPP partner logic 
functions, and any output files from any of the foregoing 
(including device programming or simulation files), and any 
associated documentation or information are expressly subject 
to the terms and conditions of the Intel Program License 
Subscription Agreement, the Intel Quartus Prime License Agreement,
the Intel MegaCore Function License Agreement, or other 
applicable license agreement, including, without limitation, 
that your use is for the sole purpose of programming logic 
devices manufactured by Intel and sold by Intel or its 
authorized distributors.  Please refer to the applicable 
agreement for further details.



+-------------------------------------------------------------------------------+
; Analysis & Synthesis Summary                                                  ;
+---------------------------------+---------------------------------------------+
; Analysis & Synthesis Status     ; Successful - Mon Feb 11 12:13:07 2019       ;
; Quartus Prime Version           ; 16.1.0 Build 196 10/24/2016 SJ Lite Edition ;
; Revision Name                   ; part2                                       ;
; Top-level Entity Name           ; part2                                       ;
; Family                          ; Cyclone V                                   ;
; Logic utilization (in ALMs)     ; N/A                                         ;
; Total registers                 ; 16                                          ;
; Total pins                      ; 54                                          ;
; Total virtual pins              ; 0                                           ;
; Total block memory bits         ; 0                                           ;
; Total DSP Blocks                ; 0                                           ;
; Total HSSI RX PCSs              ; 0                                           ;
; Total HSSI PMA RX Deserializers ; 0                                           ;
; Total HSSI TX PCSs              ; 0                                           ;
; Total HSSI PMA TX Serializers   ; 0                                           ;
; Total PLLs                      ; 0                                           ;
; Total DLLs                      ; 0                                           ;
+---------------------------------+---------------------------------------------+


+---------------------------------------------------------------------------------------------------------------------------+
; Analysis & Synthesis Settings                                                                                             ;
+---------------------------------------------------------------------------------+--------------------+--------------------+
; Option                                                                          ; Setting            ; Default Value      ;
+---------------------------------------------------------------------------------+--------------------+--------------------+
; Device                                                                          ; 5CEBA4F23C7        ;                    ;
; Top-level entity name                                                           ; part2              ; part2              ;
; Family name                                                                     ; Cyclone V          ; Cyclone V          ;
; Use smart compilation                                                           ; Off                ; Off                ;
; Enable parallel Assembler and TimeQuest Timing Analyzer during compilation      ; On                 ; On                 ;
; Enable compact report table                                                     ; Off                ; Off                ;
; Restructure Multiplexers                                                        ; Auto               ; Auto               ;
; MLAB Add Timing Constraints For Mixed-Port Feed-Through Mode Setting Don't Care ; Off                ; Off                ;
; Create Debugging Nodes for IP Cores                                             ; Off                ; Off                ;
; Preserve fewer node names                                                       ; On                 ; On                 ;
; OpenCore Plus hardware evaluation                                               ; Enable             ; Enable             ;
; Verilog Version                                                                 ; Verilog_2001       ; Verilog_2001       ;
; VHDL Version                                                                    ; VHDL_1993          ; VHDL_1993          ;
; State Machine Processing                                                        ; Auto               ; Auto               ;
; Safe State Machine                                                              ; Off                ; Off                ;
; Extract Verilog State Machines                                                  ; On                 ; On                 ;
; Extract VHDL State Machines                                                     ; On                 ; On                 ;
; Ignore Verilog initial constructs                                               ; Off                ; Off                ;
; Iteration limit for constant Verilog loops                                      ; 5000               ; 5000               ;
; Iteration limit for non-constant Verilog loops                                  ; 250                ; 250                ;
; Add Pass-Through Logic to Inferred RAMs                                         ; On                 ; On                 ;
; Infer RAMs from Raw Logic                                                       ; On                 ; On                 ;
; Parallel Synthesis                                                              ; On                 ; On                 ;
; DSP Block Balancing                                                             ; Auto               ; Auto               ;
; NOT Gate Push-Back                                                              ; On                 ; On                 ;
; Power-Up Don't Care                                                             ; On                 ; On                 ;
; Remove Redundant Logic Cells                                                    ; Off                ; Off                ;
; Remove Duplicate Registers                                                      ; On                 ; On                 ;
; Ignore CARRY Buffers                                                            ; Off                ; Off                ;
; Ignore CASCADE Buffers                                                          ; Off                ; Off                ;
; Ignore GLOBAL Buffers                                                           ; Off                ; Off                ;
; Ignore ROW GLOBAL Buffers                                                       ; Off                ; Off                ;
; Ignore LCELL Buffers                                                            ; Off                ; Off                ;
; Ignore SOFT Buffers                                                             ; On                 ; On                 ;
; Limit AHDL Integers to 32 Bits                                                  ; Off                ; Off                ;
; Optimization Technique                                                          ; Balanced           ; Balanced           ;
; Carry Chain Length                                                              ; 70                 ; 70                 ;
; Auto Carry Chains                                                               ; On                 ; On                 ;
; Auto Open-Drain Pins                                                            ; On                 ; On                 ;
; Perform WYSIWYG Primitive Resynthesis                                           ; Off                ; Off                ;
; Auto ROM Replacement                                                            ; On                 ; On                 ;
; Auto RAM Replacement                                                            ; On                 ; On                 ;
; Auto DSP Block Replacement                                                      ; On                 ; On                 ;
; Auto Shift Register Replacement                                                 ; Auto               ; Auto               ;
; Allow Shift Register Merging across Hierarchies                                 ; Auto               ; Auto               ;
; Auto Clock Enable Replacement                                                   ; On                 ; On                 ;
; Strict RAM Replacement                                                          ; Off                ; Off                ;
; Allow Synchronous Control Signals                                               ; On                 ; On                 ;
; Force Use of Synchronous Clear Signals                                          ; Off                ; Off                ;
; Auto Resource Sharing                                                           ; Off                ; Off                ;
; Allow Any RAM Size For Recognition                                              ; Off                ; Off                ;
; Allow Any ROM Size For Recognition                                              ; Off                ; Off                ;
; Allow Any Shift Register Size For Recognition                                   ; Off                ; Off                ;
; Use LogicLock Constraints during Resource Balancing                             ; On                 ; On                 ;
; Ignore translate_off and synthesis_off directives                               ; Off                ; Off                ;
; Timing-Driven Synthesis                                                         ; On                 ; On                 ;
; Report Parameter Settings                                                       ; On                 ; On                 ;
; Report Source Assignments                                                       ; On                 ; On                 ;
; Report Connectivity Checks                                                      ; On                 ; On                 ;
; Ignore Maximum Fan-Out Assignments                                              ; Off                ; Off                ;
; Synchronization Register Chain Length                                           ; 3                  ; 3                  ;
; PowerPlay Power Optimization During Synthesis                                   ; Normal compilation ; Normal compilation ;
; HDL message level                                                               ; Level2             ; Level2             ;
; Suppress Register Optimization Related Messages                                 ; Off                ; Off                ;
; Number of Removed Registers Reported in Synthesis Report                        ; 5000               ; 5000               ;
; Number of Swept Nodes Reported in Synthesis Report                              ; 5000               ; 5000               ;
; Number of Inverted Registers Reported in Synthesis Report                       ; 100                ; 100                ;
; Clock MUX Protection                                                            ; On                 ; On                 ;
; Auto Gated Clock Conversion                                                     ; Off                ; Off                ;
; Block Design Naming                                                             ; Auto               ; Auto               ;
; SDC constraint protection                                                       ; Off                ; Off                ;
; Synthesis Effort                                                                ; Auto               ; Auto               ;
; Shift Register Replacement - Allow Asynchronous Clear Signal                    ; On                 ; On                 ;
; Pre-Mapping Resynthesis Optimization                                            ; Off                ; Off                ;
; Analysis & Synthesis Message Level                                              ; Medium             ; Medium             ;
; Disable Register Merging Across Hierarchies                                     ; Auto               ; Auto               ;
; Resource Aware Inference For Block RAM                                          ; On                 ; On                 ;
; Automatic Parallel Synthesis                                                    ; On                 ; On                 ;
; Partial Reconfiguration Bitstream ID                                            ; Off                ; Off                ;
+---------------------------------------------------------------------------------+--------------------+--------------------+


+------------------------------------------+
; Parallel Compilation                     ;
+----------------------------+-------------+
; Processors                 ; Number      ;
+----------------------------+-------------+
; Number detected on machine ; 4           ;
; Maximum allowed            ; 4           ;
;                            ;             ;
; Average used               ; 1.00        ;
; Maximum used               ; 1           ;
;                            ;             ;
; Usage by Processor         ; % Time Used ;
;     Processor 1            ; 100.0%      ;
+----------------------------+-------------+


+----------------------------------------------------------------------------------------------------------------------------------------------------+
; Analysis & Synthesis Source Files Read                                                                                                             ;
+----------------------------------+-----------------+-----------------+-------------------------------------------------------------------+---------+
; File Name with User-Entered Path ; Used in Netlist ; File Type       ; File Name with Absolute Path                                      ; Library ;
+----------------------------------+-----------------+-----------------+-------------------------------------------------------------------+---------+
; part2.vhd                        ; yes             ; User VHDL File  ; C:/Users/Vlad/Documents/cpen321-lab2/part2.vhd                    ;         ;
; twobcdlatcher.vhd                ; yes             ; User VHDL File  ; C:/Users/Vlad/Documents/cpen321-lab2/twobcdlatcher.vhd            ;         ;
; bcdtodisplay.vhd                 ; yes             ; User VHDL File  ; C:/Users/Vlad/Documents/cpen321-lab2/bcdtodisplay.vhd             ;         ;
; two_bit_adder_subtractor.vhd     ; yes             ; User VHDL File  ; C:/Users/Vlad/Documents/cpen321-lab2/two_bit_adder_subtractor.vhd ;         ;
+----------------------------------+-----------------+-----------------+-------------------------------------------------------------------+---------+


+----------------------------------------------------------+
; Analysis & Synthesis Resource Usage Summary              ;
+---------------------------------------------+------------+
; Resource                                    ; Usage      ;
+---------------------------------------------+------------+
; Estimate of Logic utilization (ALMs needed) ; 17         ;
;                                             ;            ;
; Combinational ALUT usage for logic          ; 28         ;
;     -- 7 input functions                    ; 0          ;
;     -- 6 input functions                    ; 0          ;
;     -- 5 input functions                    ; 0          ;
;     -- 4 input functions                    ; 28         ;
;     -- <=3 input functions                  ; 0          ;
;                                             ;            ;
; Dedicated logic registers                   ; 16         ;
;                                             ;            ;
; I/O pins                                    ; 54         ;
;                                             ;            ;
; Total DSP Blocks                            ; 0          ;
;                                             ;            ;
; Maximum fan-out node                        ; KEY0~input ;
; Maximum fan-out                             ; 8          ;
; Total fan-out                               ; 226        ;
; Average fan-out                             ; 1.49       ;
+---------------------------------------------+------------+


+-------------------------------------------------------------------------------------------------------------------------------------------------------------------------------------------------------------------+
; Analysis & Synthesis Resource Utilization by Entity                                                                                                                                                               ;
+---------------------------------+---------------------+---------------------------+-------------------+------------+------+--------------+-----------------------------------+---------------------+--------------+
; Compilation Hierarchy Node      ; Combinational ALUTs ; Dedicated Logic Registers ; Block Memory Bits ; DSP Blocks ; Pins ; Virtual Pins ; Full Hierarchy Name               ; Entity Name         ; Library Name ;
+---------------------------------+---------------------+---------------------------+-------------------+------------+------+--------------+-----------------------------------+---------------------+--------------+
; |part2                          ; 28 (0)              ; 16 (0)                    ; 0                 ; 0          ; 54   ; 0            ; |part2                            ; part2               ; work         ;
;    |BCDto7Seg:DISPLAY2|         ; 7 (7)               ; 0 (0)                     ; 0                 ; 0          ; 0    ; 0            ; |part2|BCDto7Seg:DISPLAY2         ; BCDto7Seg           ; work         ;
;    |BCDto7Seg:DISPLAY3|         ; 7 (7)               ; 0 (0)                     ; 0                 ; 0          ; 0    ; 0            ; |part2|BCDto7Seg:DISPLAY3         ; BCDto7Seg           ; work         ;
;    |BCDto7Seg:DISPLAY4|         ; 7 (7)               ; 0 (0)                     ; 0                 ; 0          ; 0    ; 0            ; |part2|BCDto7Seg:DISPLAY4         ; BCDto7Seg           ; work         ;
;    |BCDto7Seg:DISPLAY5|         ; 7 (7)               ; 0 (0)                     ; 0                 ; 0          ; 0    ; 0            ; |part2|BCDto7Seg:DISPLAY5         ; BCDto7Seg           ; work         ;
;    |two_bit_bcd_latcher:LATCHA| ; 0 (0)               ; 8 (8)                     ; 0                 ; 0          ; 0    ; 0            ; |part2|two_bit_bcd_latcher:LATCHA ; two_bit_bcd_latcher ; work         ;
;    |two_bit_bcd_latcher:LATCHB| ; 0 (0)               ; 8 (8)                     ; 0                 ; 0          ; 0    ; 0            ; |part2|two_bit_bcd_latcher:LATCHB ; two_bit_bcd_latcher ; work         ;
+---------------------------------+---------------------+---------------------------+-------------------+------------+------+--------------+-----------------------------------+---------------------+--------------+
Note: For table entries with two numbers listed, the numbers in parentheses indicate the number of resources of the given type used by the specific entity alone. The numbers listed outside of parentheses indicate the total resources of the given type used by the specific entity and all of its sub-entities in the hierarchy.


+------------------------------------------------------+
; General Register Statistics                          ;
+----------------------------------------------+-------+
; Statistic                                    ; Value ;
+----------------------------------------------+-------+
; Total registers                              ; 16    ;
; Number of registers using Synchronous Clear  ; 0     ;
; Number of registers using Synchronous Load   ; 0     ;
; Number of registers using Asynchronous Clear ; 0     ;
; Number of registers using Asynchronous Load  ; 0     ;
; Number of registers using Clock Enable       ; 0     ;
; Number of registers using Preset             ; 0     ;
+----------------------------------------------+-------+


+-----------------------------------------------------+
; Post-Synthesis Netlist Statistics for Top Partition ;
+-----------------------+-----------------------------+
; Type                  ; Count                       ;
+-----------------------+-----------------------------+
; arriav_ff             ; 16                          ;
;     plain             ; 16                          ;
; arriav_lcell_comb     ; 34                          ;
;     normal            ; 34                          ;
;         0 data inputs ; 2                           ;
;         1 data inputs ; 4                           ;
;         4 data inputs ; 28                          ;
; boundary_port         ; 54                          ;
;                       ;                             ;
; Max LUT depth         ; 2.00                        ;
; Average LUT depth     ; 1.20                        ;
+-----------------------+-----------------------------+


+-------------------------------+
; Elapsed Time Per Partition    ;
+----------------+--------------+
; Partition Name ; Elapsed Time ;
+----------------+--------------+
; Top            ; 00:00:00     ;
+----------------+--------------+


+-------------------------------+
; Analysis & Synthesis Messages ;
+-------------------------------+
Info: *******************************************************************
Info: Running Quartus Prime Analysis & Synthesis
    Info: Version 16.1.0 Build 196 10/24/2016 SJ Lite Edition
    Info: Processing started: Mon Feb 11 12:12:50 2019
Info: Command: quartus_map --read_settings_files=on --write_settings_files=off part2 -c part2
Warning (18236): Number of processors has not been specified which may cause overloading on shared machines.  Set the global assignment NUM_PARALLEL_PROCESSORS in your QSF to an appropriate value for best performance.
Info (20030): Parallel compilation is enabled and will use 4 of the 4 processors detected
Info (12021): Found 2 design units, including 1 entities, in source file part2.vhd
    Info (12022): Found design unit 1: part2-part2arch File: C:/Users/Vlad/Documents/cpen321-lab2/part2.vhd Line: 25
    Info (12023): Found entity 1: part2 File: C:/Users/Vlad/Documents/cpen321-lab2/part2.vhd Line: 6
Info (12021): Found 2 design units, including 1 entities, in source file twobcdlatcher.vhd
    Info (12022): Found design unit 1: two_bit_bcd_latcher-functionality File: C:/Users/Vlad/Documents/cpen321-lab2/twobcdlatcher.vhd Line: 19
    Info (12023): Found entity 1: two_bit_bcd_latcher File: C:/Users/Vlad/Documents/cpen321-lab2/twobcdlatcher.vhd Line: 6
Info (12021): Found 2 design units, including 1 entities, in source file bcdtodisplay.vhd
    Info (12022): Found design unit 1: BCDto7Seg-a File: C:/Users/Vlad/Documents/cpen321-lab2/bcdtodisplay.vhd Line: 15
    Info (12023): Found entity 1: BCDto7Seg File: C:/Users/Vlad/Documents/cpen321-lab2/bcdtodisplay.vhd Line: 5
Info (12021): Found 2 design units, including 1 entities, in source file two_bit_adder_subtractor.vhd
    Info (12022): Found design unit 1: two_bit_adder_subtractor-arch_twobit File: C:/Users/Vlad/Documents/cpen321-lab2/two_bit_adder_subtractor.vhd Line: 26
    Info (12023): Found entity 1: two_bit_adder_subtractor File: C:/Users/Vlad/Documents/cpen321-lab2/two_bit_adder_subtractor.vhd Line: 6
Info (12127): Elaborating entity "part2" for the top level hierarchy
Info (12128): Elaborating entity "two_bit_bcd_latcher" for hierarchy "two_bit_bcd_latcher:LATCHA" File: C:/Users/Vlad/Documents/cpen321-lab2/part2.vhd Line: 29
Info (12128): Elaborating entity "BCDto7Seg" for hierarchy "BCDto7Seg:DISPLAY5" File: C:/Users/Vlad/Documents/cpen321-lab2/part2.vhd Line: 31
Info (12128): Elaborating entity "two_bit_adder_subtractor" for hierarchy "two_bit_adder_subtractor:adder_subtractor" File: C:/Users/Vlad/Documents/cpen321-lab2/part2.vhd Line: 35
Warning (10492): VHDL Process Statement warning at two_bit_adder_subtractor.vhd(36): signal "add_sub" is read inside the Process Statement but isn't in the Process Statement's sensitivity list File: C:/Users/Vlad/Documents/cpen321-lab2/two_bit_adder_subtractor.vhd Line: 36
Warning (10492): VHDL Process Statement warning at two_bit_adder_subtractor.vhd(37): signal "num1" is read inside the Process Statement but isn't in the Process Statement's sensitivity list File: C:/Users/Vlad/Documents/cpen321-lab2/two_bit_adder_subtractor.vhd Line: 37
Warning (10492): VHDL Process Statement warning at two_bit_adder_subtractor.vhd(37): signal "num2" is read inside the Process Statement but isn't in the Process Statement's sensitivity list File: C:/Users/Vlad/Documents/cpen321-lab2/two_bit_adder_subtractor.vhd Line: 37
Warning (10492): VHDL Process Statement warning at two_bit_adder_subtractor.vhd(39): signal "num1" is read inside the Process Statement but isn't in the Process Statement's sensitivity list File: C:/Users/Vlad/Documents/cpen321-lab2/two_bit_adder_subtractor.vhd Line: 39
Warning (10492): VHDL Process Statement warning at two_bit_adder_subtractor.vhd(39): signal "num2" is read inside the Process Statement but isn't in the Process Statement's sensitivity list File: C:/Users/Vlad/Documents/cpen321-lab2/two_bit_adder_subtractor.vhd Line: 39
Warning (10492): VHDL Process Statement warning at two_bit_adder_subtractor.vhd(43): signal "add_sub" is read inside the Process Statement but isn't in the Process Statement's sensitivity list File: C:/Users/Vlad/Documents/cpen321-lab2/two_bit_adder_subtractor.vhd Line: 43
Warning (10492): VHDL Process Statement warning at two_bit_adder_subtractor.vhd(44): signal "num1" is read inside the Process Statement but isn't in the Process Statement's sensitivity list File: C:/Users/Vlad/Documents/cpen321-lab2/two_bit_adder_subtractor.vhd Line: 44
Warning (10492): VHDL Process Statement warning at two_bit_adder_subtractor.vhd(44): signal "num2" is read inside the Process Statement but isn't in the Process Statement's sensitivity list File: C:/Users/Vlad/Documents/cpen321-lab2/two_bit_adder_subtractor.vhd Line: 44
Warning (10492): VHDL Process Statement warning at two_bit_adder_subtractor.vhd(46): signal "num1" is read inside the Process Statement but isn't in the Process Statement's sensitivity list File: C:/Users/Vlad/Documents/cpen321-lab2/two_bit_adder_subtractor.vhd Line: 46
Warning (10492): VHDL Process Statement warning at two_bit_adder_subtractor.vhd(46): signal "num2" is read inside the Process Statement but isn't in the Process Statement's sensitivity list File: C:/Users/Vlad/Documents/cpen321-lab2/two_bit_adder_subtractor.vhd Line: 46
Warning (13024): Output pins are stuck at VCC or GND
    Warning (13410): Pin "hex0[0]" is stuck at VCC File: C:/Users/Vlad/Documents/cpen321-lab2/part2.vhd Line: 15
    Warning (13410): Pin "hex0[1]" is stuck at GND File: C:/Users/Vlad/Documents/cpen321-lab2/part2.vhd Line: 15
    Warning (13410): Pin "hex0[2]" is stuck at GND File: C:/Users/Vlad/Documents/cpen321-lab2/part2.vhd Line: 15
    Warning (13410): Pin "hex0[3]" is stuck at GND File: C:/Users/Vlad/Documents/cpen321-lab2/part2.vhd Line: 15
    Warning (13410): Pin "hex0[4]" is stuck at GND File: C:/Users/Vlad/Documents/cpen321-lab2/part2.vhd Line: 15
    Warning (13410): Pin "hex0[5]" is stuck at GND File: C:/Users/Vlad/Documents/cpen321-lab2/part2.vhd Line: 15
    Warning (13410): Pin "hex0[6]" is stuck at GND File: C:/Users/Vlad/Documents/cpen321-lab2/part2.vhd Line: 15
    Warning (13410): Pin "hex1[0]" is stuck at VCC File: C:/Users/Vlad/Documents/cpen321-lab2/part2.vhd Line: 16
    Warning (13410): Pin "hex1[1]" is stuck at GND File: C:/Users/Vlad/Documents/cpen321-lab2/part2.vhd Line: 16
    Warning (13410): Pin "hex1[2]" is stuck at GND File: C:/Users/Vlad/Documents/cpen321-lab2/part2.vhd Line: 16
    Warning (13410): Pin "hex1[3]" is stuck at GND File: C:/Users/Vlad/Documents/cpen321-lab2/part2.vhd Line: 16
    Warning (13410): Pin "hex1[4]" is stuck at GND File: C:/Users/Vlad/Documents/cpen321-lab2/part2.vhd Line: 16
    Warning (13410): Pin "hex1[5]" is stuck at GND File: C:/Users/Vlad/Documents/cpen321-lab2/part2.vhd Line: 16
    Warning (13410): Pin "hex1[6]" is stuck at GND File: C:/Users/Vlad/Documents/cpen321-lab2/part2.vhd Line: 16
    Warning (13410): Pin "LED" is stuck at GND File: C:/Users/Vlad/Documents/cpen321-lab2/part2.vhd Line: 21
Info (286030): Timing-Driven Synthesis is running
Info (16010): Generating hard_block partition "hard_block:auto_generated_inst"
    Info (16011): Adding 0 node(s), including 0 DDIO, 0 PLL, 0 transceiver and 0 LCELL
Warning (21074): Design contains 1 input pin(s) that do not drive logic
    Warning (15610): No output dependent on input pin "add_sub" File: C:/Users/Vlad/Documents/cpen321-lab2/part2.vhd Line: 13
Info (21057): Implemented 98 device resources after synthesis - the final resource count might be different
    Info (21058): Implemented 11 input pins
    Info (21059): Implemented 43 output pins
    Info (21061): Implemented 44 logic cells
Info: Quartus Prime Analysis & Synthesis was successful. 0 errors, 29 warnings
    Info: Peak virtual memory: 4865 megabytes
    Info: Processing ended: Mon Feb 11 12:13:07 2019
    Info: Elapsed time: 00:00:17
    Info: Total CPU time (on all processors): 00:00:35


